WARNING :  File: .\CodeScanning\testFilesAndDirs\Sourcecode_vba\badFunctionDeclaration.bas
		 Rule: Author
WARNING :  File: .\CodeScanning\testFilesAndDirs\Sourcecode_vba\badFunctionDeclaration.bas 
		 Rule: Function Declaration
			Lines: ['3', '10', '19', '24', '28', '29']
WARNING :  File: .\CodeScanning\testFilesAndDirs\Sourcecode_vba\badVariableDeclaration.cls
		 Rule: Author
WARNING :  File: .\CodeScanning\testFilesAndDirs\Sourcecode_vba\badVariableDeclaration.cls 
		 Rule: Variable\Declaration
			Lines: ['5', '7']
WARNING :  File: .\CodeScanning\testFilesAndDirs\Sourcecode_vba\emptyModule.bas
		 Rule: Option Explicit
WARNING :  File: .\CodeScanning\testFilesAndDirs\Sourcecode_vba\emptyModule.bas
		 Rule: Author
WARNING :  File: .\CodeScanning\testFilesAndDirs\Sourcecode_vba\includes_tsda.bas
		 Rule: Author
ERROR   :  File: .\CodeScanning\testFilesAndDirs\Sourcecode_vba\includes_tsda.bas 
		 Rule: TSDA
			Lines: ['3']
WARNING :  File: .\CodeScanning\testFilesAndDirs\Sourcecode_vba\noOptionExplicit.frm
		 Rule: Option Explicit
WARNING :  File: .\CodeScanning\testFilesAndDirs\Sourcecode_vba\noOptionExplicit.frm
		 Rule: Author
WARNING :  File: .\CodeScanning\testFilesAndDirs\workbook_vba\Module1.bas
		 Rule: Author
WARNING :  File: .\CodeScanning\testFilesAndDirs\Sourcecode_vba\cleanModule.bas 
		 Rule: Function Declaration
			Lines: ['3']
